
> quasar-project@0.0.0 server
> npx tsx server/index.ts

[dotenv@17.2.3] injecting env (8) from .env -- tip: 🔐 prevent committing .env to code: https://dotenvx.com/precommit
Supabase client initialized with URL: http://127.0.0.1:54321
[dotenv@17.2.3] injecting env (0) from .env -- tip: ✅ audit secrets and track compliance: https://dotenvx.com/ops
Starting server on port 3000...
CORS enabled for: http://localhost:5173
Server is running at http://localhost:3000
Health check: http://localhost:3000/health
Employees API: http://localhost:3000/api/employees
Positions API: http://localhost:3000/api/positions
Inventory API: http://localhost:3000/api/inventory
Threads API: http://localhost:3000/api/threads
Allocations API: http://localhost:3000/api/allocations
Recovery API: http://localhost:3000/api/recovery
Dashboard API: http://localhost:3000/api/dashboard
Warehouses API: http://localhost:3000/api/warehouses
Reports API: http://localhost:3000/api/reports
Lots API: http://localhost:3000/api/lots
Batch API: http://localhost:3000/api/batch
[DEBUG] verify-warehouse: querying cone_id=C001
[DEBUG] verify-warehouse: error=Cannot coerce the result to a single JSON object
[DEBUG] verify-warehouse: querying cone_id=CONE-1770083912951-0001
[DEBUG] verify-warehouse: result warehouse_id=1 warehouse_name=Kho Chinh
[DEBUG] verify-warehouse: querying cone_id=0
[DEBUG] verify-warehouse: error=Cannot coerce the result to a single JSON object
[DEBUG] verify-warehouse: querying cone_id=0
[DEBUG] verify-warehouse: error=Cannot coerce the result to a single JSON object
[DEBUG] verify-warehouse: querying cone_id=0
[DEBUG] verify-warehouse: error=Cannot coerce the result to a single JSON object
[DEBUG] verify-warehouse: querying cone_id=0
[DEBUG] verify-warehouse: error=Cannot coerce the result to a single JSON object
[DEBUG] verify-warehouse: querying cone_id=0
[DEBUG] verify-warehouse: error=Cannot coerce the result to a single JSON object
[DEBUG] verify-warehouse: querying cone_id=0
[DEBUG] verify-warehouse: error=Cannot coerce the result to a single JSON object
