[   36784ms] [WARNING] [Vue warn]: Unhandled error during execution of render function 
  at <BaseTransition appear=true persisted=false mode=undefined  ... > 
  at <Transition appear=true enterFromClass="q-transition--fade-enter-from" enterActiveClass="q-transition--fade-enter-active"  ... > 
  at <QPortal> 
  at <QMenu ref=Ref< Proxy(Object) > class="q-popup-edit" cover=true  ... > 
  at <QPopupEdit modelValue=112 onUpdate:modelValue=fn<onUpdate:modelValue> buttons=""  ... > 
  at <QTd props= {key: 31, row: Proxy(Object), pageIndex: 0, col: Object, cols: Array(5)} data-testid="spec-cell-tex" class="cursor-pointer editable-cell" > 
  at <QTable rows= [Object, Object, Object, Object] columns= [Object, Object, Object, Object, Object] row-key="id"  ... > 
  at <QTabPanel name="specs" > 
  at <BaseTransition appear=false persisted=false mode=undefined  ... > 
  at <Transition name="q-transition--slide-left" > 
  at <QTabPanels modelValue="specs" onUpdate:modelValue=fn animated="" > 
  at <QCard flat="" bordered="" > 
  at <QPage padding="" > 
  at <[id] onVnodeUnmounted=fn<onVnodeUnmounted> ref=Ref< Proxy(Object) > > 
  at <RouterView> 
  at <QPageContainer> 
  at <QLayout view="hHh Lpr fFf" > 
  at <App> @ http://localhost:5173/node_modules/.vite/deps/chunk-I37PAXMD.js?v=8f878a83:2475
[   36786ms] [WARNING] [Vue warn]: Unhandled error during execution of component update 
  at <QMenu ref=Ref< Proxy(Object) > class="q-popup-edit" cover=true  ... > 
  at <QPopupEdit modelValue=112 onUpdate:modelValue=fn<onUpdate:modelValue> buttons=""  ... > 
  at <QTd props= {key: 31, row: Proxy(Object), pageIndex: 0, col: Object, cols: Array(5)} data-testid="spec-cell-tex" class="cursor-pointer editable-cell" > 
  at <QTable rows= [Object, Object, Object, Object] columns= [Object, Object, Object, Object, Object] row-key="id"  ... > 
  at <QTabPanel name="specs" > 
  at <BaseTransition appear=false persisted=false mode=undefined  ... > 
  at <Transition name="q-transition--slide-left" > 
  at <QTabPanels modelValue="specs" onUpdate:modelValue=fn animated="" > 
  at <QCard flat="" bordered="" > 
  at <QPage padding="" > 
  at <[id] onVnodeUnmounted=fn<onVnodeUnmounted> ref=Ref< Proxy(Object) > > 
  at <RouterView> 
  at <QPageContainer> 
  at <QLayout view="hHh Lpr fFf" > 
  at <App> @ http://localhost:5173/node_modules/.vite/deps/chunk-I37PAXMD.js?v=8f878a83:2475
[   36846ms] TypeError: a[0].localeCompare is not a function
    at http://localhost:5173/src/pages/thread/styles/[id].vue:85:69
    at Array.sort (<anonymous>)
    at Proxy.getTexOptionsForRow (http://localhost:5173/src/pages/thread/styles/[id].vue:85:49)
    at http://localhost:5173/src/pages/thread/styles/[id].vue:597:57
    at Proxy.renderFnWithContext (http://localhost:5173/node_modules/.vite/deps/chunk-I37PAXMD.js?v=8f878a83:3013:13)
    at getContent (http://localhost:5173/node_modules/.vite/deps/quasar.js?v=8f878a83:18395:71)
    at http://localhost:5173/node_modules/.vite/deps/chunk-I37PAXMD.js?v=8f878a83:10739:35
    at renderFnWithContext (http://localhost:5173/node_modules/.vite/deps/chunk-I37PAXMD.js?v=8f878a83:3013:13)
    at hSlot (http://localhost:5173/node_modules/.vite/deps/quasar.js?v=8f878a83:1703:28)
    at http://localhost:5173/node_modules/.vite/deps/quasar.js?v=8f878a83:4350:12
[  106485ms] [ERROR] Failed to load resource: the server responded with a status of 401 (Unauthorized) @ http://localhost:5173/api/threads?is_active=true:0
[  132088ms] [WARNING] [Vue warn]: Unhandled error during execution of render function 
  at <BaseTransition appear=true persisted=false mode=undefined  ... > 
  at <Transition appear=true enterFromClass="q-transition--fade-enter-from" enterActiveClass="q-transition--fade-enter-active"  ... > 
  at <QPortal> 
  at <QMenu ref=Ref< Proxy(Object) > class="q-popup-edit" cover=true  ... > 
  at <QPopupEdit modelValue=112 onUpdate:modelValue=fn<onUpdate:modelValue> buttons=""  ... > 
  at <QTd props= {key: 31, row: Proxy(Object), pageIndex: 0, col: Object, cols: Array(5)} data-testid="spec-cell-tex" class="cursor-pointer editable-cell" > 
  at <QTable rows= [Object, Object, Object, Object] columns= [Object, Object, Object, Object, Object] row-key="id"  ... > 
  at <QTabPanel name="specs" > 
  at <BaseTransition appear=false persisted=false mode=undefined  ... > 
  at <Transition name="q-transition--slide-left" > 
  at <QTabPanels modelValue="specs" onUpdate:modelValue=fn animated="" > 
  at <QCard flat="" bordered="" > 
  at <QPage padding="" > 
  at <[id] onVnodeUnmounted=fn<onVnodeUnmounted> ref=Ref< Proxy(Object) > > 
  at <RouterView> 
  at <QPageContainer> 
  at <QLayout view="hHh Lpr fFf" > 
  at <App> @ http://localhost:5173/node_modules/.vite/deps/chunk-I37PAXMD.js?v=8f878a83:2475
[  132088ms] [WARNING] [Vue warn]: Unhandled error during execution of component update 
  at <QMenu ref=Ref< Proxy(Object) > class="q-popup-edit" cover=true  ... > 
  at <QPopupEdit modelValue=112 onUpdate:modelValue=fn<onUpdate:modelValue> buttons=""  ... > 
  at <QTd props= {key: 31, row: Proxy(Object), pageIndex: 0, col: Object, cols: Array(5)} data-testid="spec-cell-tex" class="cursor-pointer editable-cell" > 
  at <QTable rows= [Object, Object, Object, Object] columns= [Object, Object, Object, Object, Object] row-key="id"  ... > 
  at <QTabPanel name="specs" > 
  at <BaseTransition appear=false persisted=false mode=undefined  ... > 
  at <Transition name="q-transition--slide-left" > 
  at <QTabPanels modelValue="specs" onUpdate:modelValue=fn animated="" > 
  at <QCard flat="" bordered="" > 
  at <QPage padding="" > 
  at <[id] onVnodeUnmounted=fn<onVnodeUnmounted> ref=Ref< Proxy(Object) > > 
  at <RouterView> 
  at <QPageContainer> 
  at <QLayout view="hHh Lpr fFf" > 
  at <App> @ http://localhost:5173/node_modules/.vite/deps/chunk-I37PAXMD.js?v=8f878a83:2475
[  132093ms] TypeError: a[0].localeCompare is not a function
    at http://localhost:5173/src/pages/thread/styles/[id].vue:85:69
    at Array.sort (<anonymous>)
    at Proxy.getTexOptionsForRow (http://localhost:5173/src/pages/thread/styles/[id].vue:85:49)
    at http://localhost:5173/src/pages/thread/styles/[id].vue:597:57
    at Proxy.renderFnWithContext (http://localhost:5173/node_modules/.vite/deps/chunk-I37PAXMD.js?v=8f878a83:3013:13)
    at getContent (http://localhost:5173/node_modules/.vite/deps/quasar.js?v=8f878a83:18395:71)
    at http://localhost:5173/node_modules/.vite/deps/chunk-I37PAXMD.js?v=8f878a83:10739:35
    at renderFnWithContext (http://localhost:5173/node_modules/.vite/deps/chunk-I37PAXMD.js?v=8f878a83:3013:13)
    at hSlot (http://localhost:5173/node_modules/.vite/deps/quasar.js?v=8f878a83:1703:28)
    at http://localhost:5173/node_modules/.vite/deps/quasar.js?v=8f878a83:4350:12
[  132506ms] [WARNING] [Vue warn]: Unhandled error during execution of render function 
  at <BaseTransition appear=true persisted=false mode=undefined  ... > 
  at <Transition appear=true enterFromClass="q-transition--fade-enter-from" enterActiveClass="q-transition--fade-enter-active"  ... > 
  at <QPortal> 
  at <QMenu ref=Ref< Proxy(Object) > class="q-popup-edit" cover=true  ... > 
  at <QPopupEdit modelValue=112 onUpdate:modelValue=fn<onUpdate:modelValue> buttons=""  ... > 
  at <QTd props= {key: 32, row: Proxy(Object), pageIndex: 1, col: Object, cols: Array(5)} data-testid="spec-cell-tex" class="cursor-pointer editable-cell" > 
  at <QTable rows= [Object, Object, Object, Object] columns= [Object, Object, Object, Object, Object] row-key="id"  ... > 
  at <QTabPanel name="specs" > 
  at <BaseTransition appear=false persisted=false mode=undefined  ... > 
  at <Transition name="q-transition--slide-left" > 
  at <QTabPanels modelValue="specs" onUpdate:modelValue=fn animated="" > 
  at <QCard flat="" bordered="" > 
  at <QPage padding="" > 
  at <[id] onVnodeUnmounted=fn<onVnodeUnmounted> ref=Ref< Proxy(Object) > > 
  at <RouterView> 
  at <QPageContainer> 
  at <QLayout view="hHh Lpr fFf" > 
  at <App> @ http://localhost:5173/node_modules/.vite/deps/chunk-I37PAXMD.js?v=8f878a83:2475
[  132506ms] [WARNING] [Vue warn]: Unhandled error during execution of component update 
  at <QMenu ref=Ref< Proxy(Object) > class="q-popup-edit" cover=true  ... > 
  at <QPopupEdit modelValue=112 onUpdate:modelValue=fn<onUpdate:modelValue> buttons=""  ... > 
  at <QTd props= {key: 32, row: Proxy(Object), pageIndex: 1, col: Object, cols: Array(5)} data-testid="spec-cell-tex" class="cursor-pointer editable-cell" > 
  at <QTable rows= [Object, Object, Object, Object] columns= [Object, Object, Object, Object, Object] row-key="id"  ... > 
  at <QTabPanel name="specs" > 
  at <BaseTransition appear=false persisted=false mode=undefined  ... > 
  at <Transition name="q-transition--slide-left" > 
  at <QTabPanels modelValue="specs" onUpdate:modelValue=fn animated="" > 
  at <QCard flat="" bordered="" > 
  at <QPage padding="" > 
  at <[id] onVnodeUnmounted=fn<onVnodeUnmounted> ref=Ref< Proxy(Object) > > 
  at <RouterView> 
  at <QPageContainer> 
  at <QLayout view="hHh Lpr fFf" > 
  at <App> @ http://localhost:5173/node_modules/.vite/deps/chunk-I37PAXMD.js?v=8f878a83:2475
[  132513ms] TypeError: a[0].localeCompare is not a function
    at http://localhost:5173/src/pages/thread/styles/[id].vue:85:69
    at Array.sort (<anonymous>)
    at Proxy.getTexOptionsForRow (http://localhost:5173/src/pages/thread/styles/[id].vue:85:49)
    at http://localhost:5173/src/pages/thread/styles/[id].vue:597:57
    at Proxy.renderFnWithContext (http://localhost:5173/node_modules/.vite/deps/chunk-I37PAXMD.js?v=8f878a83:3013:13)
    at getContent (http://localhost:5173/node_modules/.vite/deps/quasar.js?v=8f878a83:18395:71)
    at http://localhost:5173/node_modules/.vite/deps/chunk-I37PAXMD.js?v=8f878a83:10739:35
    at renderFnWithContext (http://localhost:5173/node_modules/.vite/deps/chunk-I37PAXMD.js?v=8f878a83:3013:13)
    at hSlot (http://localhost:5173/node_modules/.vite/deps/quasar.js?v=8f878a83:1703:28)
    at http://localhost:5173/node_modules/.vite/deps/quasar.js?v=8f878a83:4350:12
[  133283ms] [WARNING] [Vue warn]: Unhandled error during execution of render function 
  at <BaseTransition appear=true persisted=false mode=undefined  ... > 
  at <Transition appear=true enterFromClass="q-transition--fade-enter-from" enterActiveClass="q-transition--fade-enter-active"  ... > 
  at <QPortal> 
  at <QMenu ref=Ref< Proxy(Object) > class="q-popup-edit" cover=true  ... > 
  at <QPopupEdit modelValue=104 onUpdate:modelValue=fn<onUpdate:modelValue> buttons=""  ... > 
  at <QTd props= {key: 33, row: Proxy(Object), pageIndex: 2, col: Object, cols: Array(5)} data-testid="spec-cell-tex" class="cursor-pointer editable-cell" > 
  at <QTable rows= [Object, Object, Object, Object] columns= [Object, Object, Object, Object, Object] row-key="id"  ... > 
  at <QTabPanel name="specs" > 
  at <BaseTransition appear=false persisted=false mode=undefined  ... > 
  at <Transition name="q-transition--slide-left" > 
  at <QTabPanels modelValue="specs" onUpdate:modelValue=fn animated="" > 
  at <QCard flat="" bordered="" > 
  at <QPage padding="" > 
  at <[id] onVnodeUnmounted=fn<onVnodeUnmounted> ref=Ref< Proxy(Object) > > 
  at <RouterView> 
  at <QPageContainer> 
  at <QLayout view="hHh Lpr fFf" > 
  at <App> @ http://localhost:5173/node_modules/.vite/deps/chunk-I37PAXMD.js?v=8f878a83:2475
[  133284ms] [WARNING] [Vue warn]: Unhandled error during execution of component update 
  at <QMenu ref=Ref< Proxy(Object) > class="q-popup-edit" cover=true  ... > 
  at <QPopupEdit modelValue=104 onUpdate:modelValue=fn<onUpdate:modelValue> buttons=""  ... > 
  at <QTd props= {key: 33, row: Proxy(Object), pageIndex: 2, col: Object, cols: Array(5)} data-testid="spec-cell-tex" class="cursor-pointer editable-cell" > 
  at <QTable rows= [Object, Object, Object, Object] columns= [Object, Object, Object, Object, Object] row-key="id"  ... > 
  at <QTabPanel name="specs" > 
  at <BaseTransition appear=false persisted=false mode=undefined  ... > 
  at <Transition name="q-transition--slide-left" > 
  at <QTabPanels modelValue="specs" onUpdate:modelValue=fn animated="" > 
  at <QCard flat="" bordered="" > 
  at <QPage padding="" > 
  at <[id] onVnodeUnmounted=fn<onVnodeUnmounted> ref=Ref< Proxy(Object) > > 
  at <RouterView> 
  at <QPageContainer> 
  at <QLayout view="hHh Lpr fFf" > 
  at <App> @ http://localhost:5173/node_modules/.vite/deps/chunk-I37PAXMD.js?v=8f878a83:2475
[  133288ms] TypeError: a[0].localeCompare is not a function
    at http://localhost:5173/src/pages/thread/styles/[id].vue:85:69
    at Array.sort (<anonymous>)
    at Proxy.getTexOptionsForRow (http://localhost:5173/src/pages/thread/styles/[id].vue:85:49)
    at http://localhost:5173/src/pages/thread/styles/[id].vue:597:57
    at Proxy.renderFnWithContext (http://localhost:5173/node_modules/.vite/deps/chunk-I37PAXMD.js?v=8f878a83:3013:13)
    at getContent (http://localhost:5173/node_modules/.vite/deps/quasar.js?v=8f878a83:18395:71)
    at http://localhost:5173/node_modules/.vite/deps/chunk-I37PAXMD.js?v=8f878a83:10739:35
    at renderFnWithContext (http://localhost:5173/node_modules/.vite/deps/chunk-I37PAXMD.js?v=8f878a83:3013:13)
    at hSlot (http://localhost:5173/node_modules/.vite/deps/quasar.js?v=8f878a83:1703:28)
    at http://localhost:5173/node_modules/.vite/deps/quasar.js?v=8f878a83:4350:12
[  133843ms] [WARNING] [Vue warn]: Unhandled error during execution of render function 
  at <BaseTransition appear=true persisted=false mode=undefined  ... > 
  at <Transition appear=true enterFromClass="q-transition--fade-enter-from" enterActiveClass="q-transition--fade-enter-active"  ... > 
  at <QPortal> 
  at <QMenu ref=Ref< Proxy(Object) > class="q-popup-edit" cover=true  ... > 
  at <QPopupEdit modelValue=124 onUpdate:modelValue=fn<onUpdate:modelValue> buttons=""  ... > 
  at <QTd props= {key: 34, row: Proxy(Object), pageIndex: 3, col: Object, cols: Array(5)} data-testid="spec-cell-tex" class="cursor-pointer editable-cell" > 
  at <QTable rows= [Object, Object, Object, Object] columns= [Object, Object, Object, Object, Object] row-key="id"  ... > 
  at <QTabPanel name="specs" > 
  at <BaseTransition appear=false persisted=false mode=undefined  ... > 
  at <Transition name="q-transition--slide-left" > 
  at <QTabPanels modelValue="specs" onUpdate:modelValue=fn animated="" > 
  at <QCard flat="" bordered="" > 
  at <QPage padding="" > 
  at <[id] onVnodeUnmounted=fn<onVnodeUnmounted> ref=Ref< Proxy(Object) > > 
  at <RouterView> 
  at <QPageContainer> 
  at <QLayout view="hHh Lpr fFf" > 
  at <App> @ http://localhost:5173/node_modules/.vite/deps/chunk-I37PAXMD.js?v=8f878a83:2475
[  133844ms] [WARNING] [Vue warn]: Unhandled error during execution of component update 
  at <QMenu ref=Ref< Proxy(Object) > class="q-popup-edit" cover=true  ... > 
  at <QPopupEdit modelValue=124 onUpdate:modelValue=fn<onUpdate:modelValue> buttons=""  ... > 
  at <QTd props= {key: 34, row: Proxy(Object), pageIndex: 3, col: Object, cols: Array(5)} data-testid="spec-cell-tex" class="cursor-pointer editable-cell" > 
  at <QTable rows= [Object, Object, Object, Object] columns= [Object, Object, Object, Object, Object] row-key="id"  ... > 
  at <QTabPanel name="specs" > 
  at <BaseTransition appear=false persisted=false mode=undefined  ... > 
  at <Transition name="q-transition--slide-left" > 
  at <QTabPanels modelValue="specs" onUpdate:modelValue=fn animated="" > 
  at <QCard flat="" bordered="" > 
  at <QPage padding="" > 
  at <[id] onVnodeUnmounted=fn<onVnodeUnmounted> ref=Ref< Proxy(Object) > > 
  at <RouterView> 
  at <QPageContainer> 
  at <QLayout view="hHh Lpr fFf" > 
  at <App> @ http://localhost:5173/node_modules/.vite/deps/chunk-I37PAXMD.js?v=8f878a83:2475
[  133848ms] TypeError: a[0].localeCompare is not a function
    at http://localhost:5173/src/pages/thread/styles/[id].vue:85:69
    at Array.sort (<anonymous>)
    at Proxy.getTexOptionsForRow (http://localhost:5173/src/pages/thread/styles/[id].vue:85:49)
    at http://localhost:5173/src/pages/thread/styles/[id].vue:597:57
    at Proxy.renderFnWithContext (http://localhost:5173/node_modules/.vite/deps/chunk-I37PAXMD.js?v=8f878a83:3013:13)
    at getContent (http://localhost:5173/node_modules/.vite/deps/quasar.js?v=8f878a83:18395:71)
    at http://localhost:5173/node_modules/.vite/deps/chunk-I37PAXMD.js?v=8f878a83:10739:35
    at renderFnWithContext (http://localhost:5173/node_modules/.vite/deps/chunk-I37PAXMD.js?v=8f878a83:3013:13)
    at hSlot (http://localhost:5173/node_modules/.vite/deps/quasar.js?v=8f878a83:1703:28)
    at http://localhost:5173/node_modules/.vite/deps/quasar.js?v=8f878a83:4350:12
[  137717ms] [WARNING] [Vue warn]: Unhandled error during execution of render function 
  at <BaseTransition appear=true persisted=false mode=undefined  ... > 
  at <Transition appear=true enterFromClass="q-transition--fade-enter-from" enterActiveClass="q-transition--fade-enter-active"  ... > 
  at <QPortal> 
  at <QMenu ref=Ref< Proxy(Object) > class="q-popup-edit" cover=true  ... > 
  at <QPopupEdit modelValue=112 onUpdate:modelValue=fn<onUpdate:modelValue> buttons=""  ... > 
  at <QTd props= {key: 31, row: Proxy(Object), pageIndex: 0, col: Object, cols: Array(5)} data-testid="spec-cell-tex" class="cursor-pointer editable-cell" > 
  at <QTable rows= [Object, Object, Object, Object] columns= [Object, Object, Object, Object, Object] row-key="id"  ... > 
  at <QTabPanel name="specs" > 
  at <BaseTransition appear=false persisted=false mode=undefined  ... > 
  at <Transition name="q-transition--slide-left" > 
  at <QTabPanels modelValue="specs" onUpdate:modelValue=fn animated="" > 
  at <QCard flat="" bordered="" > 
  at <QPage padding="" > 
  at <[id] onVnodeUnmounted=fn<onVnodeUnmounted> ref=Ref< Proxy(Object) > > 
  at <RouterView> 
  at <QPageContainer> 
  at <QLayout view="hHh Lpr fFf" > 
  at <App> @ http://localhost:5173/node_modules/.vite/deps/chunk-I37PAXMD.js?v=8f878a83:2475
[  137718ms] [WARNING] [Vue warn]: Unhandled error during execution of component update 
  at <QTabPanel name="specs" > 
  at <BaseTransition appear=false persisted=false mode=undefined  ... > 
  at <Transition name="q-transition--slide-left" > 
  at <QTabPanels modelValue="specs" onUpdate:modelValue=fn animated="" > 
  at <QCard flat="" bordered="" > 
  at <QPage padding="" > 
  at <[id] onVnodeUnmounted=fn<onVnodeUnmounted> ref=Ref< Proxy(Object) > > 
  at <RouterView> 
  at <QPageContainer> 
  at <QLayout view="hHh Lpr fFf" > 
  at <App> @ http://localhost:5173/node_modules/.vite/deps/chunk-I37PAXMD.js?v=8f878a83:2475
[  137722ms] TypeError: a[0].localeCompare is not a function
    at http://localhost:5173/src/pages/thread/styles/[id].vue:85:69
    at Array.sort (<anonymous>)
    at Proxy.getTexOptionsForRow (http://localhost:5173/src/pages/thread/styles/[id].vue:85:49)
    at http://localhost:5173/src/pages/thread/styles/[id].vue:597:57
    at Proxy.renderFnWithContext (http://localhost:5173/node_modules/.vite/deps/chunk-I37PAXMD.js?v=8f878a83:3013:13)
    at getContent (http://localhost:5173/node_modules/.vite/deps/quasar.js?v=8f878a83:18395:71)
    at http://localhost:5173/node_modules/.vite/deps/chunk-I37PAXMD.js?v=8f878a83:10739:35
    at renderFnWithContext (http://localhost:5173/node_modules/.vite/deps/chunk-I37PAXMD.js?v=8f878a83:3013:13)
    at hSlot (http://localhost:5173/node_modules/.vite/deps/quasar.js?v=8f878a83:1703:28)
    at http://localhost:5173/node_modules/.vite/deps/quasar.js?v=8f878a83:4350:12
[  137767ms] [WARNING] [Vue warn]: Unhandled error during execution of render function 
  at <BaseTransition appear=true persisted=false mode=undefined  ... > 
  at <Transition appear=true enterFromClass="q-transition--fade-enter-from" enterActiveClass="q-transition--fade-enter-active"  ... > 
  at <QPortal> 
  at <QMenu ref=Ref< Proxy(Object) > class="q-popup-edit" cover=true  ... > 
  at <QPopupEdit modelValue=112 onUpdate:modelValue=fn<onUpdate:modelValue> buttons=""  ... > 
  at <QTd props= {key: 31, row: Proxy(Object), pageIndex: 0, col: Object, cols: Array(5)} data-testid="spec-cell-tex" class="cursor-pointer editable-cell" > 
  at <QTable rows= [Object, Object, Object, Object] columns= [Object, Object, Object, Object, Object] row-key="id"  ... > 
  at <QTabPanel name="specs" > 
  at <BaseTransition appear=false persisted=false mode=undefined  ... > 
  at <Transition name="q-transition--slide-left" > 
  at <QTabPanels modelValue="specs" onUpdate:modelValue=fn animated="" > 
  at <QCard flat="" bordered="" > 
  at <QPage padding="" > 
  at <[id] onVnodeUnmounted=fn<onVnodeUnmounted> ref=Ref< Proxy(Object) > > 
  at <RouterView> 
  at <QPageContainer> 
  at <QLayout view="hHh Lpr fFf" > 
  at <App> @ http://localhost:5173/node_modules/.vite/deps/chunk-I37PAXMD.js?v=8f878a83:2475
[  137767ms] [WARNING] [Vue warn]: Unhandled error during execution of component update 
  at <QTabPanel name="specs" > 
  at <BaseTransition appear=false persisted=false mode=undefined  ... > 
  at <Transition name="q-transition--slide-left" > 
  at <QTabPanels modelValue="specs" onUpdate:modelValue=fn animated="" > 
  at <QCard flat="" bordered="" > 
  at <QPage padding="" > 
  at <[id] onVnodeUnmounted=fn<onVnodeUnmounted> ref=Ref< Proxy(Object) > > 
  at <RouterView> 
  at <QPageContainer> 
  at <QLayout view="hHh Lpr fFf" > 
  at <App> @ http://localhost:5173/node_modules/.vite/deps/chunk-I37PAXMD.js?v=8f878a83:2475
[  137770ms] [WARNING] [Vue warn]: Unhandled error during execution of render function 
  at <BaseTransition appear=true persisted=false mode=undefined  ... > 
  at <Transition appear=true enterFromClass="q-transition--fade-enter-from" enterActiveClass="q-transition--fade-enter-active"  ... > 
  at <QPortal> 
  at <QMenu ref=Ref< Proxy(Object) > class="q-popup-edit" cover=true  ... > 
  at <QPopupEdit modelValue=112 onUpdate:modelValue=fn<onUpdate:modelValue> buttons=""  ... > 
  at <QTd props= {key: 31, row: Proxy(Object), pageIndex: 0, col: Object, cols: Array(5)} data-testid="spec-cell-tex" class="cursor-pointer editable-cell" > 
  at <QTable rows= [Object, Object, Object, Object] columns= [Object, Object, Object, Object, Object] row-key="id"  ... > 
  at <QTabPanel name="specs" > 
  at <BaseTransition appear=false persisted=false mode=undefined  ... > 
  at <Transition name="q-transition--slide-left" > 
  at <QTabPanels modelValue="specs" onUpdate:modelValue=fn animated="" > 
  at <QCard flat="" bordered="" > 
  at <QPage padding="" > 
  at <[id] onVnodeUnmounted=fn<onVnodeUnmounted> ref=Ref< Proxy(Object) > > 
  at <RouterView> 
  at <QPageContainer> 
  at <QLayout view="hHh Lpr fFf" > 
  at <App> @ http://localhost:5173/node_modules/.vite/deps/chunk-I37PAXMD.js?v=8f878a83:2475
[  137770ms] [WARNING] [Vue warn]: Unhandled error during execution of component update 
  at <QTabPanel name="specs" > 
  at <BaseTransition appear=false persisted=false mode=undefined  ... > 
  at <Transition name="q-transition--slide-left" > 
  at <QTabPanels modelValue="specs" onUpdate:modelValue=fn animated="" > 
  at <QCard flat="" bordered="" > 
  at <QPage padding="" > 
  at <[id] onVnodeUnmounted=fn<onVnodeUnmounted> ref=Ref< Proxy(Object) > > 
  at <RouterView> 
  at <QPageContainer> 
  at <QLayout view="hHh Lpr fFf" > 
  at <App> @ http://localhost:5173/node_modules/.vite/deps/chunk-I37PAXMD.js?v=8f878a83:2475
[  137777ms] TypeError: a[0].localeCompare is not a function
    at http://localhost:5173/src/pages/thread/styles/[id].vue:85:69
    at Array.sort (<anonymous>)
    at Proxy.getTexOptionsForRow (http://localhost:5173/src/pages/thread/styles/[id].vue:85:49)
    at http://localhost:5173/src/pages/thread/styles/[id].vue:597:57
    at Proxy.renderFnWithContext (http://localhost:5173/node_modules/.vite/deps/chunk-I37PAXMD.js?v=8f878a83:3013:13)
    at getContent (http://localhost:5173/node_modules/.vite/deps/quasar.js?v=8f878a83:18395:71)
    at http://localhost:5173/node_modules/.vite/deps/chunk-I37PAXMD.js?v=8f878a83:10739:35
    at renderFnWithContext (http://localhost:5173/node_modules/.vite/deps/chunk-I37PAXMD.js?v=8f878a83:3013:13)
    at hSlot (http://localhost:5173/node_modules/.vite/deps/quasar.js?v=8f878a83:1703:28)
    at http://localhost:5173/node_modules/.vite/deps/quasar.js?v=8f878a83:4350:12
[  137777ms] TypeError: a[0].localeCompare is not a function
    at http://localhost:5173/src/pages/thread/styles/[id].vue:85:69
    at Array.sort (<anonymous>)
    at Proxy.getTexOptionsForRow (http://localhost:5173/src/pages/thread/styles/[id].vue:85:49)
    at http://localhost:5173/src/pages/thread/styles/[id].vue:597:57
    at Proxy.renderFnWithContext (http://localhost:5173/node_modules/.vite/deps/chunk-I37PAXMD.js?v=8f878a83:3013:13)
    at getContent (http://localhost:5173/node_modules/.vite/deps/quasar.js?v=8f878a83:18395:71)
    at http://localhost:5173/node_modules/.vite/deps/chunk-I37PAXMD.js?v=8f878a83:10739:35
    at renderFnWithContext (http://localhost:5173/node_modules/.vite/deps/chunk-I37PAXMD.js?v=8f878a83:3013:13)
    at hSlot (http://localhost:5173/node_modules/.vite/deps/quasar.js?v=8f878a83:1703:28)
    at http://localhost:5173/node_modules/.vite/deps/quasar.js?v=8f878a83:4350:12
[  137805ms] [WARNING] [Vue warn]: Unhandled error during execution of render function 
  at <BaseTransition appear=true persisted=false mode=undefined  ... > 
  at <Transition appear=true enterFromClass="q-transition--fade-enter-from" enterActiveClass="q-transition--fade-enter-active"  ... > 
  at <QPortal> 
  at <QMenu ref=Ref< Proxy(Object) > class="q-popup-edit" cover=true  ... > 
  at <QPopupEdit modelValue=112 onUpdate:modelValue=fn<onUpdate:modelValue> buttons=""  ... > 
  at <QTd props= {key: 31, row: Proxy(Object), pageIndex: 0, col: Object, cols: Array(5)} data-testid="spec-cell-tex" class="cursor-pointer editable-cell" > 
  at <QTable rows= [Object, Object, Object, Object] columns= [Object, Object, Object, Object, Object] row-key="id"  ... > 
  at <QTabPanel name="specs" > 
  at <BaseTransition appear=false persisted=false mode=undefined  ... > 
  at <Transition name="q-transition--slide-left" > 
  at <QTabPanels modelValue="specs" onUpdate:modelValue=fn animated="" > 
  at <QCard flat="" bordered="" > 
  at <QPage padding="" > 
  at <[id] onVnodeUnmounted=fn<onVnodeUnmounted> ref=Ref< Proxy(Object) > > 
  at <RouterView> 
  at <QPageContainer> 
  at <QLayout view="hHh Lpr fFf" > 
  at <App> @ http://localhost:5173/node_modules/.vite/deps/chunk-I37PAXMD.js?v=8f878a83:2475
[  137805ms] [WARNING] [Vue warn]: Unhandled error during execution of component update 
  at <QTabPanel name="specs" > 
  at <BaseTransition appear=false persisted=false mode=undefined  ... > 
  at <Transition name="q-transition--slide-left" > 
  at <QTabPanels modelValue="specs" onUpdate:modelValue=fn animated="" > 
  at <QCard flat="" bordered="" > 
  at <QPage padding="" > 
  at <[id] onVnodeUnmounted=fn<onVnodeUnmounted> ref=Ref< Proxy(Object) > > 
  at <RouterView> 
  at <QPageContainer> 
  at <QLayout view="hHh Lpr fFf" > 
  at <App> @ http://localhost:5173/node_modules/.vite/deps/chunk-I37PAXMD.js?v=8f878a83:2475
[  137806ms] [WARNING] [Vue warn]: Unhandled error during execution of render function 
  at <BaseTransition appear=true persisted=false mode=undefined  ... > 
  at <Transition appear=true enterFromClass="q-transition--fade-enter-from" enterActiveClass="q-transition--fade-enter-active"  ... > 
  at <QPortal> 
  at <QMenu ref=Ref< Proxy(Object) > class="q-popup-edit" cover=true  ... > 
  at <QPopupEdit modelValue=112 onUpdate:modelValue=fn<onUpdate:modelValue> buttons=""  ... > 
  at <QTd props= {key: 31, row: Proxy(Object), pageIndex: 3, col: Object, cols: Array(5)} data-testid="spec-cell-tex" class="cursor-pointer editable-cell" > 
  at <QTable rows= [Object, Object, Object, Object] columns= [Object, Object, Object, Object, Object] row-key="id"  ... > 
  at <QTabPanel name="specs" > 
  at <BaseTransition appear=false persisted=false mode=undefined  ... > 
  at <Transition name="q-transition--slide-left" > 
  at <QTabPanels modelValue="specs" onUpdate:modelValue=fn animated="" > 
  at <QCard flat="" bordered="" > 
  at <QPage padding="" > 
  at <[id] onVnodeUnmounted=fn<onVnodeUnmounted> ref=Ref< Proxy(Object) > > 
  at <RouterView> 
  at <QPageContainer> 
  at <QLayout view="hHh Lpr fFf" > 
  at <App> @ http://localhost:5173/node_modules/.vite/deps/chunk-I37PAXMD.js?v=8f878a83:2475
[  137807ms] [WARNING] [Vue warn]: Unhandled error during execution of component update 
  at <QTabPanel name="specs" > 
  at <BaseTransition appear=false persisted=false mode=undefined  ... > 
  at <Transition name="q-transition--slide-left" > 
  at <QTabPanels modelValue="specs" onUpdate:modelValue=fn animated="" > 
  at <QCard flat="" bordered="" > 
  at <QPage padding="" > 
  at <[id] onVnodeUnmounted=fn<onVnodeUnmounted> ref=Ref< Proxy(Object) > > 
  at <RouterView> 
  at <QPageContainer> 
  at <QLayout view="hHh Lpr fFf" > 
  at <App> @ http://localhost:5173/node_modules/.vite/deps/chunk-I37PAXMD.js?v=8f878a83:2475
[  137811ms] TypeError: a[0].localeCompare is not a function
    at http://localhost:5173/src/pages/thread/styles/[id].vue:85:69
    at Array.sort (<anonymous>)
    at Proxy.getTexOptionsForRow (http://localhost:5173/src/pages/thread/styles/[id].vue:85:49)
    at http://localhost:5173/src/pages/thread/styles/[id].vue:597:57
    at Proxy.renderFnWithContext (http://localhost:5173/node_modules/.vite/deps/chunk-I37PAXMD.js?v=8f878a83:3013:13)
    at getContent (http://localhost:5173/node_modules/.vite/deps/quasar.js?v=8f878a83:18395:71)
    at http://localhost:5173/node_modules/.vite/deps/chunk-I37PAXMD.js?v=8f878a83:10739:35
    at renderFnWithContext (http://localhost:5173/node_modules/.vite/deps/chunk-I37PAXMD.js?v=8f878a83:3013:13)
    at hSlot (http://localhost:5173/node_modules/.vite/deps/quasar.js?v=8f878a83:1703:28)
    at http://localhost:5173/node_modules/.vite/deps/quasar.js?v=8f878a83:4350:12
[  137811ms] TypeError: a[0].localeCompare is not a function
    at http://localhost:5173/src/pages/thread/styles/[id].vue:85:69
    at Array.sort (<anonymous>)
    at Proxy.getTexOptionsForRow (http://localhost:5173/src/pages/thread/styles/[id].vue:85:49)
    at http://localhost:5173/src/pages/thread/styles/[id].vue:597:57
    at Proxy.renderFnWithContext (http://localhost:5173/node_modules/.vite/deps/chunk-I37PAXMD.js?v=8f878a83:3013:13)
    at getContent (http://localhost:5173/node_modules/.vite/deps/quasar.js?v=8f878a83:18395:71)
    at http://localhost:5173/node_modules/.vite/deps/chunk-I37PAXMD.js?v=8f878a83:10739:35
    at renderFnWithContext (http://localhost:5173/node_modules/.vite/deps/chunk-I37PAXMD.js?v=8f878a83:3013:13)
    at hSlot (http://localhost:5173/node_modules/.vite/deps/quasar.js?v=8f878a83:1703:28)
    at http://localhost:5173/node_modules/.vite/deps/quasar.js?v=8f878a83:4350:12
[  647091ms] [WARNING] [Vue warn]: Unhandled error during execution of scheduler flush 
  at <RouterView> 
  at <QPageContainer> 
  at <QLayout view="hHh Lpr fFf" > 
  at <App> @ http://localhost:5173/node_modules/.vite/deps/chunk-I37PAXMD.js?v=8f878a83:2475
[  647092ms] TypeError: Cannot read properties of undefined (reading '__asyncLoader')
    at isAsyncWrapper (http://localhost:5173/node_modules/.vite/deps/chunk-I37PAXMD.js?v=8f878a83:10218:38)
    at unmount (http://localhost:5173/node_modules/.vite/deps/chunk-I37PAXMD.js?v=8f878a83:7819:36)
    at unmountChildren (http://localhost:5173/node_modules/.vite/deps/chunk-I37PAXMD.js?v=8f878a83:7944:7)
    at unmount (http://localhost:5173/node_modules/.vite/deps/chunk-I37PAXMD.js?v=8f878a83:7857:9)
    at unmountChildren (http://localhost:5173/node_modules/.vite/deps/chunk-I37PAXMD.js?v=8f878a83:7944:7)
    at unmount (http://localhost:5173/node_modules/.vite/deps/chunk-I37PAXMD.js?v=8f878a83:7857:9)
    at unmountChildren (http://localhost:5173/node_modules/.vite/deps/chunk-I37PAXMD.js?v=8f878a83:7944:7)
    at unmount (http://localhost:5173/node_modules/.vite/deps/chunk-I37PAXMD.js?v=8f878a83:7857:9)
    at unmountChildren (http://localhost:5173/node_modules/.vite/deps/chunk-I37PAXMD.js?v=8f878a83:7944:7)
    at unmount (http://localhost:5173/node_modules/.vite/deps/chunk-I37PAXMD.js?v=8f878a83:7857:9)
[  647093ms] TypeError: Cannot read properties of undefined (reading '__asyncLoader')
    at isAsyncWrapper (http://localhost:5173/node_modules/.vite/deps/chunk-I37PAXMD.js?v=8f878a83:10218:38)
    at unmount (http://localhost:5173/node_modules/.vite/deps/chunk-I37PAXMD.js?v=8f878a83:7819:36)
    at unmountChildren (http://localhost:5173/node_modules/.vite/deps/chunk-I37PAXMD.js?v=8f878a83:7944:7)
    at unmount (http://localhost:5173/node_modules/.vite/deps/chunk-I37PAXMD.js?v=8f878a83:7857:9)
    at unmountChildren (http://localhost:5173/node_modules/.vite/deps/chunk-I37PAXMD.js?v=8f878a83:7944:7)
    at unmount (http://localhost:5173/node_modules/.vite/deps/chunk-I37PAXMD.js?v=8f878a83:7857:9)
    at unmountChildren (http://localhost:5173/node_modules/.vite/deps/chunk-I37PAXMD.js?v=8f878a83:7944:7)
    at unmount (http://localhost:5173/node_modules/.vite/deps/chunk-I37PAXMD.js?v=8f878a83:7857:9)
    at unmountChildren (http://localhost:5173/node_modules/.vite/deps/chunk-I37PAXMD.js?v=8f878a83:7944:7)
    at unmount (http://localhost:5173/node_modules/.vite/deps/chunk-I37PAXMD.js?v=8f878a83:7857:9)
[  647093ms] TypeError: Cannot read properties of undefined (reading '__asyncLoader')
    at isAsyncWrapper (http://localhost:5173/node_modules/.vite/deps/chunk-I37PAXMD.js?v=8f878a83:10218:38)
    at unmount (http://localhost:5173/node_modules/.vite/deps/chunk-I37PAXMD.js?v=8f878a83:7819:36)
    at unmountChildren (http://localhost:5173/node_modules/.vite/deps/chunk-I37PAXMD.js?v=8f878a83:7944:7)
    at unmount (http://localhost:5173/node_modules/.vite/deps/chunk-I37PAXMD.js?v=8f878a83:7857:9)
    at unmountChildren (http://localhost:5173/node_modules/.vite/deps/chunk-I37PAXMD.js?v=8f878a83:7944:7)
    at unmount (http://localhost:5173/node_modules/.vite/deps/chunk-I37PAXMD.js?v=8f878a83:7857:9)
    at unmountChildren (http://localhost:5173/node_modules/.vite/deps/chunk-I37PAXMD.js?v=8f878a83:7944:7)
    at unmount (http://localhost:5173/node_modules/.vite/deps/chunk-I37PAXMD.js?v=8f878a83:7857:9)
    at unmountChildren (http://localhost:5173/node_modules/.vite/deps/chunk-I37PAXMD.js?v=8f878a83:7944:7)
    at unmount (http://localhost:5173/node_modules/.vite/deps/chunk-I37PAXMD.js?v=8f878a83:7857:9)
[ 2238217ms] [ERROR] [useSuppliers] fetchSuppliers error: TypeError: Failed to fetch
    at makeRequest (http://localhost:5173/src/services/api.ts:113:20)
    at fetchApiRaw (http://localhost:5173/src/services/api.ts:131:26)
    at async fetchApi (http://localhost:5173/src/services/api.ts:149:20)
    at async Object.getAll (http://localhost:5173/src/services/supplierService.ts:11:22)
    at async http://localhost:5173/src/composables/thread/useSuppliers.ts:39:16
    at async Object.withLoading (http://localhost:5173/src/composables/useLoading.ts:22:14)
    at async fetchSuppliers (http://localhost:5173/src/composables/thread/useSuppliers.ts:38:20)
    at async Promise.all (index 2)
    at async http://localhost:5173/src/pages/thread/styles/[id].vue?t=1773412461076:172:7 @ http://localhost:5173/src/composables/thread/useSuppliers.ts:45
[ 2238218ms] [ERROR] [useThreadTypes] fetchThreadTypes error: TypeError: Failed to fetch
    at makeRequest (http://localhost:5173/src/services/api.ts:113:20)
    at fetchApiRaw (http://localhost:5173/src/services/api.ts:131:26)
    at async fetchApi (http://localhost:5173/src/services/api.ts:149:20)
    at async Object.getAll (http://localhost:5173/src/services/threadService.ts:21:22)
    at async http://localhost:5173/src/composables/thread/useThreadTypes.ts:39:16
    at async Object.withLoading (http://localhost:5173/src/composables/useLoading.ts:22:14)
    at async fetchThreadTypes (http://localhost:5173/src/composables/thread/useThreadTypes.ts:38:20)
    at async Promise.all (index 3)
    at async http://localhost:5173/src/pages/thread/styles/[id].vue?t=1773412461076:172:7 @ http://localhost:5173/src/composables/thread/useThreadTypes.ts:45
[ 2238218ms] [ERROR] [useColors] fetchColors error: TypeError: Failed to fetch
    at makeRequest (http://localhost:5173/src/services/api.ts:113:20)
    at fetchApiRaw (http://localhost:5173/src/services/api.ts:131:26)
    at async fetchApi (http://localhost:5173/src/services/api.ts:149:20)
    at async Object.getAll (http://localhost:5173/src/services/colorService.ts:11:22)
    at async http://localhost:5173/src/composables/thread/useColors.ts:39:16
    at async Object.withLoading (http://localhost:5173/src/composables/useLoading.ts:22:14)
    at async fetchColors (http://localhost:5173/src/composables/thread/useColors.ts:38:20)
    at async Promise.all (index 4)
    at async http://localhost:5173/src/pages/thread/styles/[id].vue?t=1773412461076:172:7 @ http://localhost:5173/src/composables/thread/useColors.ts:45
[ 2238221ms] [ERROR] [useStyles] fetchStyleById error: TypeError: Failed to fetch
    at makeRequest (http://localhost:5173/src/services/api.ts:113:20)
    at fetchApiRaw (http://localhost:5173/src/services/api.ts:131:26)
    at async fetchApi (http://localhost:5173/src/services/api.ts:149:20)
    at async Object.getById (http://localhost:5173/src/services/styleService.ts:55:22)
    at async http://localhost:5173/src/composables/thread/useStyles.ts:40:16
    at async Object.withLoading (http://localhost:5173/src/composables/useLoading.ts:22:14)
    at async fetchStyleById (http://localhost:5173/src/composables/thread/useStyles.ts:39:20)
    at async Promise.all (index 0)
    at async http://localhost:5173/src/pages/thread/styles/[id].vue?t=1773412461076:172:7 @ http://localhost:5173/src/composables/thread/useStyles.ts:46
[ 2238221ms] [ERROR] [useStyleThreadSpecs] fetchStyleThreadSpecs error: TypeError: Failed to fetch
    at makeRequest (http://localhost:5173/src/services/api.ts:113:20)
    at fetchApiRaw (http://localhost:5173/src/services/api.ts:131:26)
    at async fetchApi (http://localhost:5173/src/services/api.ts:149:20)
    at async Object.getAll (http://localhost:5173/src/services/styleThreadSpecService.ts:19:22)
    at async http://localhost:5173/src/composables/thread/useStyleThreadSpecs.ts:27:16
    at async Object.withLoading (http://localhost:5173/src/composables/useLoading.ts:22:14)
    at async fetchStyleThreadSpecs (http://localhost:5173/src/composables/thread/useStyleThreadSpecs.ts:26:20)
    at async Promise.all (index 1)
    at async http://localhost:5173/src/pages/thread/styles/[id].vue?t=1773412461076:172:7 @ http://localhost:5173/src/composables/thread/useStyleThreadSpecs.ts:33
